<?xml version="1.0" encoding="UTF-8"?>
<testsuite xmlns:xsi="http://www.w3.org/2001/XMLSchema-instance" xsi:noNamespaceSchemaLocation="https://maven.apache.org/surefire/maven-surefire-plugin/xsd/surefire-test-report-3.0.xsd" version="3.0" name="ControllerTest.MainControllerTest" time="2.695" tests="1" errors="1" skipped="0" failures="0">
  <properties>
[...]
</properties>
  <testcase name="testShowLoginView" classname="ControllerTest.MainControllerTest" time="2.647">
    <error message="&#10;&apos;showLoginView&apos; is a *void method* and it *cannot* be stubbed with a *return value*!&#10;Voids are usually stubbed with Throwables:&#10;    doThrow(exception).when(mock).someVoidMethod();&#10;If you need to set the void method to do nothing you can use:&#10;    doNothing().when(mock).someVoidMethod();&#10;For more information, check out the javadocs for Mockito.doNothing().&#10;***&#10;If you&apos;re unsure why you&apos;re getting above error read on.&#10;Due to the nature of the syntax above problem might occur because:&#10;1. The method you are trying to stub is *overloaded*. Make sure you are calling the right overloaded version.&#10;2. Somewhere in your test you are stubbing *final methods*. Sorry, Mockito does not verify/stub final methods.&#10;3. A spy is stubbed using when(spy.foo()).then() syntax. It is safer to stub spies - &#10;   - with doReturn|Throw() family of methods. More in javadocs for Mockito.spy() method.&#10;4. Mocking methods declared on non-public parent classes is not supported.&#10;" type="org.mockito.exceptions.misusing.CannotStubVoidMethodWithReturnValue"><![CDATA[org.mockito.exceptions.misusing.CannotStubVoidMethodWithReturnValue: 

'showLoginView' is a *void method* and it *cannot* be stubbed with a *return value*!
Voids are usually stubbed with Throwables:
    doThrow(exception).when(mock).someVoidMethod();
If you need to set the void method to do nothing you can use:
    doNothing().when(mock).someVoidMethod();
For more information, check out the javadocs for Mockito.doNothing().
***
If you're unsure why you're getting above error read on.
Due to the nature of the syntax above problem might occur because:
1. The method you are trying to stub is *overloaded*. Make sure you are calling the right overloaded version.
2. Somewhere in your test you are stubbing *final methods*. Sorry, Mockito does not verify/stub final methods.
3. A spy is stubbed using when(spy.foo()).then() syntax. It is safer to stub spies - 
   - with doReturn|Throw() family of methods. More in javadocs for Mockito.spy() method.
4. Mocking methods declared on non-public parent classes is not supported.

	at controller.MainController.showLoginView(MainController.java:44)
	at ControllerTest.MainControllerTest.testShowLoginView(MainControllerTest.java:38)
	at java.base/java.lang.reflect.Method.invoke(Method.java:578)
	at java.base/java.util.ArrayList.forEach(ArrayList.java:1511)
	at java.base/java.util.ArrayList.forEach(ArrayList.java:1511)
]]></error>
  </testcase>
</testsuite>